[2016-08-05 15:43:59] START
[2016-08-05 15:53:22] CREATE test.py: 0
[2016-08-05 15:54:21] EDIT app1/controllers/test.py: 1
[2016-08-05 15:56:04] EDIT app1/controllers/test.py: 0
[2016-08-05 15:58:09] EDIT app1/controllers/test.py: 0
[2016-08-05 15:59:17] EDIT app1/controllers/test.py: 1
[2016-08-05 15:59:33] EDIT app1/controllers/test.py: 0
[2016-08-05 16:00:00] EDIT app1/controllers/test.py: 0
[2016-08-05 16:01:19] EDIT app1/controllers/test.py: 0
[2016-08-05 16:03:31] EDIT app1/controllers/test.py: 0
[2016-08-05 16:05:01] EDIT app1/controllers/test.py: 0
[2016-08-05 16:06:31] EDIT app1/controllers/test.py: 1
[2016-08-05 16:08:38] EDIT app1/controllers/test.py: 0
[2016-08-05 16:09:00] EDIT app1/controllers/test.py: 0
[2016-08-05 16:09:53] DELETE app1/controllers/test.py: -4
[2016-08-05 16:15:44] EDIT app1/views/default/index.html: -47
[2016-08-05 16:17:13] EDIT app1/views/default/index.html: 2
[2016-08-05 16:23:32] EDIT app1/controllers/default.py: -6
[2016-08-05 16:25:56] EDIT app1/controllers/default.py: 1
[2016-08-05 16:36:03] EDIT app1/controllers/default.py: 0
[2016-08-05 17:03:05] EDIT app1/controllers/default.py: 1
[2016-08-05 17:03:27] EDIT app1/views/default/index.html: 0
[2016-08-05 17:14:18] EDIT app1/views/default/index.html: 2
[2016-08-05 17:15:15] EDIT app1/controllers/default.py: 2
[2016-08-05 17:16:27] EDIT app1/controllers/default.py: 1
[2016-08-05 17:17:09] EDIT app1/views/default/index.html: -4
[2016-08-05 17:20:02] EDIT app1/controllers/default.py: 1
[2016-08-05 17:31:47] EDIT app1/controllers/default.py: -1
[2016-08-08 09:38:50] EDIT app1/controllers/default.py: 1
[2016-08-08 09:39:18] EDIT app1/controllers/default.py: 0
[2016-08-08 10:59:06] CREATE db1.py: 0
[2016-08-08 10:59:57] EDIT app1/models/db1.py: 1
[2016-08-08 11:01:02] EDIT app1/models/db1.py: 0
[2016-08-08 11:01:52] EDIT app1/models/db1.py: 0
[2016-08-08 11:16:28] EDIT app1/models/db1.py: 3
[2016-08-08 11:30:30] EDIT app1/controllers/default.py: -3
[2016-08-08 11:31:41] EDIT app1/views/default/index.html: 1
[2016-08-08 11:35:53] EDIT app1/controllers/default.py: 1
[2016-08-08 11:44:06] EDIT app1/views/default/index.html: 2
[2016-08-08 11:52:19] EDIT app1/views/default/index.html: 8
[2016-08-08 11:52:29] EDIT app1/views/default/index.html: -1
[2016-08-08 11:54:36] EDIT app1/views/default/index.html: 0
[2016-08-08 11:54:54] EDIT app1/views/default/index.html: 0
[2016-08-08 12:03:09] EDIT app1/controllers/default.py: 3
[2016-08-08 12:04:41] EDIT app1/controllers/default.py: 0
[2016-08-08 12:05:45] EDIT app1/controllers/default.py: 0
[2016-08-08 12:08:06] EDIT app1/views/default/index.html: 0
[2016-08-08 12:10:11] CREATE default/show.html: 0
[2016-08-08 12:13:16] EDIT app1/views/default/show.html: 3
[2016-08-08 15:47:31] EDIT app1/controllers/default.py: 2
[2016-08-08 15:48:11] EDIT app1/views/default/index.html: -2
[2016-08-08 15:49:24] CREATE default/create.html: 0
[2016-08-08 15:49:59] EDIT app1/views/default/index.html: 0
[2016-08-08 15:50:04] EDIT app1/views/default/create.html: 0
[2016-08-08 15:52:10] EDIT app1/controllers/default.py: 1
[2016-08-08 15:58:12] EDIT app1/models/menu.py: 1
[2016-08-08 15:58:34] EDIT app1/models/menu.py: -1
[2016-08-08 15:58:45] EDIT app1/models/menu.py: -90
[2016-08-08 15:59:11] EDIT app1/models/menu.py: 0
[2016-08-08 16:05:45] EDIT app1/controllers/default.py: 3
[2016-08-08 16:07:09] EDIT app1/controllers/default.py: 0
[2016-08-08 16:07:21] EDIT app1/controllers/default.py: 0
[2016-08-08 16:17:15] EDIT app1/controllers/default.py: 1
[2016-08-08 16:31:43] EDIT app1/controllers/default.py: 3
[2016-08-08 16:42:24] EDIT app1/models/db1.py: 3
[2016-08-08 16:44:58] EDIT app1/models/db1.py: -3
[2016-08-08 16:47:41] EDIT app1/views/default/index.html: 0
[2016-08-08 16:48:15] EDIT app1/views/default/show.html: 0
[2016-08-08 16:51:49] EDIT app1/views/default/show.html: 0
[2016-08-08 16:53:29] EDIT app1/views/default/show.html: 0
[2016-08-08 17:06:01] EDIT app1/models/menu.py: 2
[2016-08-08 17:06:52] EDIT app1/models/menu.py: 0
[2016-08-08 17:11:07] EDIT app1/models/menu.py: 0
[2016-08-08 17:27:12] EDIT app1/models/db1.py: 4
[2016-08-08 17:28:43] EDIT app1/controllers/default.py: 1
[2016-08-08 17:30:13] EDIT app1/controllers/default.py: 2
[2016-08-08 17:31:37] EDIT app1/controllers/default.py: 1
[2016-08-08 17:32:23] EDIT app1/controllers/default.py: 1
[2016-08-08 17:33:04] EDIT app1/views/default/show.html: 2
[2016-08-08 17:33:55] EDIT app1/controllers/default.py: 0
[2016-08-08 17:34:26] EDIT app1/models/db1.py: 0
[2016-08-08 17:34:30] EDIT app1/models/db1.py: 0
[2016-08-08 17:40:38] EDIT app1/views/default/show.html: 4
[2016-08-08 17:41:10] EDIT app1/views/default/show.html: 0
[2016-08-08 17:43:22] EDIT app1/views/default/show.html: 2
[2016-08-08 17:44:02] EDIT app1/views/default/show.html: 0
[2016-08-08 17:44:47] EDIT app1/views/default/show.html: 0
[2016-08-08 17:46:08] EDIT app1/models/menu.py: -1
